2025-09-19 08:59:17,353 - root - INFO - <<======Initiate the data ingestion=======>>
2025-09-19 08:59:17,354 - root - INFO - Initiating Data Ingestion Pipeline...
2025-09-19 08:59:17,354 - root - INFO - Starting data validation for uploaded file...
2025-09-19 08:59:17,884 - root - INFO - Validated data copied to C:\Users\USER\Desktop\Anomaly_detector\data\Processed\valid_dataset\ValidatedData.csv\ValidatedData.csv
2025-09-19 08:59:17,885 - root - INFO - Data Ingestion Artifact: DataIngestionArtifact(raw_data_file_path='C:\\Users\\USER\\Desktop\\Anomaly_detector\\data\\Processed\\valid_dataset\\ValidatedData.csv\\ValidatedData.csv')
2025-09-19 08:59:17,885 - root - INFO - <<======Data Ingestion Complete=======>>
2025-09-19 08:59:17,886 - root - INFO - <<======Initiate the data processing=======>>
2025-09-19 08:59:17,959 - root - INFO - Validated data read from C:\Users\USER\Desktop\Anomaly_detector\data\Processed\valid_dataset\ValidatedData.csv\ValidatedData.csv
2025-09-19 08:59:18,081 - root - INFO - Missing, invalid values, and duplicates handled. Time column: time
2025-09-19 08:59:18,122 - root - INFO - Data is regular. No resampling needed.
2025-09-19 08:59:18,134 - root - INFO - Time-series split complete. Train size: 9600, Validation size: 2400, Test size: 3000
2025-09-19 08:59:18,135 - root - INFO - Entered the save_object method of MainUtils class
2025-09-19 08:59:18,139 - root - INFO - Exited the save_object method of MainUtils class
2025-09-19 08:59:18,141 - root - INFO - Entered the save_object method of MainUtils class
2025-09-19 08:59:18,145 - root - INFO - Exited the save_object method of MainUtils class
2025-09-19 08:59:18,147 - root - INFO - Entered the save_object method of MainUtils class
2025-09-19 08:59:18,149 - root - INFO - Exited the save_object method of MainUtils class
2025-09-19 08:59:18,186 - root - INFO - Window config saved successfully
2025-09-19 08:59:18,221 - root - INFO - Entered the save_object method of MainUtils class
2025-09-19 08:59:18,224 - root - INFO - Exited the save_object method of MainUtils class
2025-09-19 08:59:18,225 - root - INFO - Preprocessing pipeline fitted and saved.
2025-09-19 08:59:18,322 - root - INFO - Train, validation, and test datasets transformed.
2025-09-19 08:59:18,472 - root - INFO - Windowing applied successfully. Train shape: (9585, 16, 16), Validation shape: (2385, 16, 16), Test shape: (2985, 16, 16)
2025-09-19 08:59:18,611 - root - INFO - Entered the save_object method of MainUtils class
2025-09-19 08:59:19,146 - root - INFO - Exited the save_object method of MainUtils class
2025-09-19 08:59:19,147 - root - INFO - Entered the save_object method of MainUtils class
2025-09-19 08:59:19,156 - root - INFO - Exited the save_object method of MainUtils class
2025-09-19 08:59:19,156 - root - INFO - Entered the save_object method of MainUtils class
2025-09-19 08:59:19,170 - root - INFO - Exited the save_object method of MainUtils class
2025-09-19 08:59:19,170 - root - INFO - Train, validation, and test datasets created and saved successfully. Train size: 9585, Validation size: 2385, Test size: 2985
2025-09-19 08:59:19,170 - root - INFO - Data processing pipeline completed successfully.
2025-09-19 08:59:19,193 - root - INFO - <<======Data Processing Complete=======>>
2025-09-19 08:59:19,395 - root - INFO - MLflow enabled. Experiment='anomaly_detection', URI='None'
2025-09-19 08:59:19,396 - root - INFO - <<======Initiate the model training=======>>
2025-09-19 08:59:19,512 - root - INFO - Entered the save_object method of MainUtils class
2025-09-19 08:59:19,909 - root - INFO - Exited the save_object method of MainUtils class
2025-09-19 08:59:19,909 - root - INFO - Entered the save_object method of MainUtils class
2025-09-19 08:59:19,924 - root - INFO - Exited the save_object method of MainUtils class
2025-09-19 08:59:19,924 - root - INFO - Entered the save_object method of MainUtils class
2025-09-19 08:59:19,948 - root - INFO - Exited the save_object method of MainUtils class
2025-09-19 08:59:19,948 - root - INFO - Dataloader successfully saved
2025-09-19 08:59:23,015 - root - INFO - Model config saved at: Artifact\model_training\final_models\model_config.json
2025-09-19 09:20:37,106 - root - INFO - <<======Model Training Complete=======>>
2025-09-19 09:20:37,107 - root - INFO - <<======Training Pipeline Complete=======>>
2025-09-19 09:22:16,334 - root - INFO - Uploaded CSV shape: (32, 17)
2025-09-19 09:22:16,334 - root - INFO - Uploaded CSV columns: ['time', 'temperature', 'relative_humidity', 'dew_point', 'precipitation (mm)', 'rain (mm)', 'snowfall (cm)', 'pressure_msl (hPa)', 'surface_pressure (hPa)', 'cloud_cover (%)', 'cloud_cover_low (%)', 'cloud_cover_mid (%)', 'cloud_cover_high (%)', 'vapour_pressure_deficit (kPa)', 'wind_speed_10m (km/h)', 'wind_direction', 'is_Day']
2025-09-19 09:22:16,360 - root - INFO - Uploaded CSV head:
               time  temperature  relative_humidity  dew_point  precipitation (mm)  rain (mm)  snowfall (cm)  pressure_msl (hPa)  surface_pressure (hPa)  cloud_cover (%)  cloud_cover_low (%)  cloud_cover_mid (%)  cloud_cover_high (%)  vapour_pressure_deficit (kPa)  wind_speed_10m (km/h)  wind_direction  is_Day
0  1980-01-01T00:00         12.7                 83       10.0                 0.0        0.0              0              1012.8                   945.1                1                    1                    0                     0                           0.25                    7.5             235       0
1  1980-01-01T01:00         12.9                 82        9.9                 0.0        0.0              0              1012.2                   944.5                4                    4                    0                     0                           0.26                    7.9             231       0
2  1980-01-01T02:00         13.2                 82       10.2                 0.0        0.0              0              1012.3                   944.7               13                   14                    0                     0                           0.27                    7.5             235       1
3  1980-01-01T03:00         15.9                 78       12.0                 0.0        0.0              0              1013.5                   946.4               23                   26                    0                     0                           0.40                    6.6             248       1
4  1980-01-01T04:00         19.4                 67       13.1                 0.0        0.0              0              1014.6                   948.2                9                   10                    0                     0                           0.75                    8.7             265       1
2025-09-19 09:22:16,590 - root - INFO - <<====== Initiate model inference =======>>
